{"/Users/songjunhyuk/Documents/GitHub/CodeitBootCamp/Day8/coverage.js": {"path":"/Users/songjunhyuk/Documents/GitHub/CodeitBootCamp/Day8/coverage.js","statementMap":{"0":{"start":{"line":4,"column":2},"end":{"line":10,"column":3}},"1":{"start":{"line":6,"column":4},"end":{"line":6,"column":16}},"2":{"start":{"line":9,"column":4},"end":{"line":9,"column":17}},"3":{"start":{"line":14,"column":2},"end":{"line":17,"column":18}},"4":{"start":{"line":14,"column":19},"end":{"line":14,"column":30}},"5":{"start":{"line":15,"column":7},"end":{"line":17,"column":18}},"6":{"start":{"line":15,"column":24},"end":{"line":15,"column":35}},"7":{"start":{"line":16,"column":7},"end":{"line":17,"column":18}},"8":{"start":{"line":16,"column":24},"end":{"line":16,"column":35}},"9":{"start":{"line":17,"column":7},"end":{"line":17,"column":18}},"10":{"start":{"line":20,"column":0},"end":{"line":20,"column":48}}},"fnMap":{"0":{"name":"isPositive","decl":{"start":{"line":3,"column":9},"end":{"line":3,"column":19}},"loc":{"start":{"line":3,"column":25},"end":{"line":11,"column":1}},"line":3},"1":{"name":"calculateGrade","decl":{"start":{"line":13,"column":9},"end":{"line":13,"column":23}},"loc":{"start":{"line":13,"column":31},"end":{"line":18,"column":1}},"line":13}},"branchMap":{"0":{"loc":{"start":{"line":4,"column":2},"end":{"line":10,"column":3}},"type":"if","locations":[{"start":{"line":4,"column":2},"end":{"line":10,"column":3}},{"start":{"line":7,"column":9},"end":{"line":10,"column":3}}],"line":4},"1":{"loc":{"start":{"line":14,"column":2},"end":{"line":17,"column":18}},"type":"if","locations":[{"start":{"line":14,"column":2},"end":{"line":17,"column":18}},{"start":{"line":15,"column":7},"end":{"line":17,"column":18}}],"line":14},"2":{"loc":{"start":{"line":15,"column":7},"end":{"line":17,"column":18}},"type":"if","locations":[{"start":{"line":15,"column":7},"end":{"line":17,"column":18}},{"start":{"line":16,"column":7},"end":{"line":17,"column":18}}],"line":15},"3":{"loc":{"start":{"line":16,"column":7},"end":{"line":17,"column":18}},"type":"if","locations":[{"start":{"line":16,"column":7},"end":{"line":17,"column":18}},{"start":{"line":17,"column":7},"end":{"line":17,"column":18}}],"line":16}},"s":{"0":2,"1":1,"2":1,"3":8,"4":2,"5":6,"6":2,"7":4,"8":2,"9":2,"10":1},"f":{"0":2,"1":8},"b":{"0":[1,1],"1":[2,6],"2":[2,4],"3":[2,2]},"_coverageSchema":"1a1c01bbd47fc00a2c39e90264f33305004495a9","hash":"d1351b61dd799db474edc0447fcc4257e858b3ae"}
,"/Users/songjunhyuk/Documents/GitHub/CodeitBootCamp/Day8/DiscountCalculator/discountCalculator.js": {"path":"/Users/songjunhyuk/Documents/GitHub/CodeitBootCamp/Day8/DiscountCalculator/discountCalculator.js","statementMap":{"0":{"start":{"line":1,"column":23},"end":{"line":18,"column":1}},"1":{"start":{"line":2,"column":34},"end":{"line":2,"column":56}},"2":{"start":{"line":5,"column":39},"end":{"line":8,"column":3}},"3":{"start":{"line":10,"column":35},"end":{"line":13,"column":3}},"4":{"start":{"line":15,"column":21},"end":{"line":15,"column":73}},"5":{"start":{"line":17,"column":2},"end":{"line":17,"column":20}},"6":{"start":{"line":20,"column":24},"end":{"line":31,"column":1}},"7":{"start":{"line":22,"column":2},"end":{"line":29,"column":3}},"8":{"start":{"line":23,"column":9},"end":{"line":29,"column":3}},"9":{"start":{"line":24,"column":4},"end":{"line":24,"column":18}},"10":{"start":{"line":25,"column":9},"end":{"line":29,"column":3}},"11":{"start":{"line":26,"column":4},"end":{"line":26,"column":17}},"12":{"start":{"line":27,"column":9},"end":{"line":29,"column":3}},"13":{"start":{"line":28,"column":4},"end":{"line":28,"column":17}},"14":{"start":{"line":30,"column":2},"end":{"line":30,"column":15}},"15":{"start":{"line":33,"column":29},"end":{"line":44,"column":1}},"16":{"start":{"line":34,"column":2},"end":{"line":41,"column":3}},"17":{"start":{"line":35,"column":9},"end":{"line":41,"column":3}},"18":{"start":{"line":36,"column":4},"end":{"line":36,"column":18}},"19":{"start":{"line":37,"column":9},"end":{"line":41,"column":3}},"20":{"start":{"line":38,"column":4},"end":{"line":38,"column":18}},"21":{"start":{"line":39,"column":9},"end":{"line":41,"column":3}},"22":{"start":{"line":40,"column":4},"end":{"line":40,"column":17}},"23":{"start":{"line":43,"column":2},"end":{"line":43,"column":15}},"24":{"start":{"line":46,"column":25},"end":{"line":55,"column":1}},"25":{"start":{"line":47,"column":2},"end":{"line":47,"column":28}},"26":{"start":{"line":47,"column":15},"end":{"line":47,"column":28}},"27":{"start":{"line":48,"column":2},"end":{"line":50,"column":3}},"28":{"start":{"line":49,"column":4},"end":{"line":49,"column":45}},"29":{"start":{"line":51,"column":2},"end":{"line":53,"column":3}},"30":{"start":{"line":52,"column":4},"end":{"line":52,"column":33}},"31":{"start":{"line":54,"column":2},"end":{"line":54,"column":15}},"32":{"start":{"line":57,"column":28},"end":{"line":59,"column":1}},"33":{"start":{"line":58,"column":2},"end":{"line":58,"column":56}},"34":{"start":{"line":61,"column":0},"end":{"line":61,"column":36}}},"fnMap":{"0":{"name":"(anonymous_0)","decl":{"start":{"line":1,"column":23},"end":{"line":1,"column":24}},"loc":{"start":{"line":1,"column":73},"end":{"line":18,"column":1}},"line":1},"1":{"name":"(anonymous_1)","decl":{"start":{"line":20,"column":24},"end":{"line":20,"column":25}},"loc":{"start":{"line":20,"column":35},"end":{"line":31,"column":1}},"line":20},"2":{"name":"(anonymous_2)","decl":{"start":{"line":33,"column":29},"end":{"line":33,"column":30}},"loc":{"start":{"line":33,"column":52},"end":{"line":44,"column":1}},"line":33},"3":{"name":"(anonymous_3)","decl":{"start":{"line":46,"column":25},"end":{"line":46,"column":26}},"loc":{"start":{"line":46,"column":44},"end":{"line":55,"column":1}},"line":46},"4":{"name":"(anonymous_4)","decl":{"start":{"line":57,"column":28},"end":{"line":57,"column":29}},"loc":{"start":{"line":57,"column":64},"end":{"line":59,"column":1}},"line":57}},"branchMap":{"0":{"loc":{"start":{"line":1,"column":31},"end":{"line":1,"column":53}},"type":"default-arg","locations":[{"start":{"line":1,"column":44},"end":{"line":1,"column":53}}],"line":1},"1":{"loc":{"start":{"line":1,"column":55},"end":{"line":1,"column":68}},"type":"default-arg","locations":[{"start":{"line":1,"column":64},"end":{"line":1,"column":68}}],"line":1},"2":{"loc":{"start":{"line":22,"column":2},"end":{"line":29,"column":3}},"type":"if","locations":[{"start":{"line":22,"column":2},"end":{"line":29,"column":3}},{"start":{"line":23,"column":9},"end":{"line":29,"column":3}}],"line":22},"3":{"loc":{"start":{"line":23,"column":9},"end":{"line":29,"column":3}},"type":"if","locations":[{"start":{"line":23,"column":9},"end":{"line":29,"column":3}},{"start":{"line":25,"column":9},"end":{"line":29,"column":3}}],"line":23},"4":{"loc":{"start":{"line":23,"column":13},"end":{"line":23,"column":45}},"type":"binary-expr","locations":[{"start":{"line":23,"column":13},"end":{"line":23,"column":27}},{"start":{"line":23,"column":31},"end":{"line":23,"column":45}}],"line":23},"5":{"loc":{"start":{"line":25,"column":9},"end":{"line":29,"column":3}},"type":"if","locations":[{"start":{"line":25,"column":9},"end":{"line":29,"column":3}},{"start":{"line":27,"column":9},"end":{"line":29,"column":3}}],"line":25},"6":{"loc":{"start":{"line":25,"column":13},"end":{"line":25,"column":46}},"type":"binary-expr","locations":[{"start":{"line":25,"column":13},"end":{"line":25,"column":28}},{"start":{"line":25,"column":32},"end":{"line":25,"column":46}}],"line":25},"7":{"loc":{"start":{"line":27,"column":9},"end":{"line":29,"column":3}},"type":"if","locations":[{"start":{"line":27,"column":9},"end":{"line":29,"column":3}},{"start":{},"end":{}}],"line":27},"8":{"loc":{"start":{"line":34,"column":2},"end":{"line":41,"column":3}},"type":"if","locations":[{"start":{"line":34,"column":2},"end":{"line":41,"column":3}},{"start":{"line":35,"column":9},"end":{"line":41,"column":3}}],"line":34},"9":{"loc":{"start":{"line":35,"column":9},"end":{"line":41,"column":3}},"type":"if","locations":[{"start":{"line":35,"column":9},"end":{"line":41,"column":3}},{"start":{"line":37,"column":9},"end":{"line":41,"column":3}}],"line":35},"10":{"loc":{"start":{"line":37,"column":9},"end":{"line":41,"column":3}},"type":"if","locations":[{"start":{"line":37,"column":9},"end":{"line":41,"column":3}},{"start":{"line":39,"column":9},"end":{"line":41,"column":3}}],"line":37},"11":{"loc":{"start":{"line":39,"column":9},"end":{"line":41,"column":3}},"type":"if","locations":[{"start":{"line":39,"column":9},"end":{"line":41,"column":3}},{"start":{},"end":{}}],"line":39},"12":{"loc":{"start":{"line":47,"column":2},"end":{"line":47,"column":28}},"type":"if","locations":[{"start":{"line":47,"column":2},"end":{"line":47,"column":28}},{"start":{},"end":{}}],"line":47},"13":{"loc":{"start":{"line":48,"column":2},"end":{"line":50,"column":3}},"type":"if","locations":[{"start":{"line":48,"column":2},"end":{"line":50,"column":3}},{"start":{},"end":{}}],"line":48},"14":{"loc":{"start":{"line":51,"column":2},"end":{"line":53,"column":3}},"type":"if","locations":[{"start":{"line":51,"column":2},"end":{"line":53,"column":3}},{"start":{},"end":{}}],"line":51}},"s":{"0":1,"1":11,"2":11,"3":11,"4":11,"5":11,"6":1,"7":11,"8":9,"9":2,"10":7,"11":5,"12":2,"13":2,"14":11,"15":1,"16":11,"17":4,"18":1,"19":3,"20":1,"21":2,"22":2,"23":11,"24":1,"25":11,"26":8,"27":3,"28":2,"29":1,"30":1,"31":0,"32":1,"33":11,"34":1},"f":{"0":11,"1":11,"2":11,"3":11,"4":11},"b":{"0":[4],"1":[8],"2":[2,9],"3":[2,7],"4":[9,9],"5":[5,2],"6":[7,7],"7":[2,0],"8":[7,4],"9":[1,3],"10":[1,2],"11":[2,0],"12":[8,3],"13":[2,1],"14":[1,0]},"_coverageSchema":"1a1c01bbd47fc00a2c39e90264f33305004495a9","hash":"9a907b657ed19c06617cb718dc5e3534074f71aa"}
,"/Users/songjunhyuk/Documents/GitHub/CodeitBootCamp/Day8/cart/cart.js": {"path":"/Users/songjunhyuk/Documents/GitHub/CodeitBootCamp/Day8/cart/cart.js","statementMap":{"0":{"start":{"line":3,"column":4},"end":{"line":3,"column":20}},"1":{"start":{"line":7,"column":25},"end":{"line":7,"column":65}},"2":{"start":{"line":7,"column":48},"end":{"line":7,"column":64}},"3":{"start":{"line":9,"column":4},"end":{"line":13,"column":5}},"4":{"start":{"line":10,"column":6},"end":{"line":10,"column":45}},"5":{"start":{"line":12,"column":6},"end":{"line":12,"column":28}},"6":{"start":{"line":17,"column":4},"end":{"line":17,"column":65}},"7":{"start":{"line":17,"column":45},"end":{"line":17,"column":63}},"8":{"start":{"line":21,"column":4},"end":{"line":23,"column":5}},"9":{"start":{"line":22,"column":6},"end":{"line":22,"column":44}},"10":{"start":{"line":25,"column":17},"end":{"line":25,"column":56}},"11":{"start":{"line":25,"column":40},"end":{"line":25,"column":55}},"12":{"start":{"line":27,"column":4},"end":{"line":29,"column":5}},"13":{"start":{"line":28,"column":6},"end":{"line":28,"column":40}},"14":{"start":{"line":31,"column":4},"end":{"line":31,"column":29}},"15":{"start":{"line":35,"column":0},"end":{"line":35,"column":22}}},"fnMap":{"0":{"name":"(anonymous_0)","decl":{"start":{"line":2,"column":2},"end":{"line":2,"column":3}},"loc":{"start":{"line":2,"column":16},"end":{"line":4,"column":3}},"line":2},"1":{"name":"(anonymous_1)","decl":{"start":{"line":6,"column":2},"end":{"line":6,"column":3}},"loc":{"start":{"line":6,"column":16},"end":{"line":14,"column":3}},"line":6},"2":{"name":"(anonymous_2)","decl":{"start":{"line":7,"column":41},"end":{"line":7,"column":42}},"loc":{"start":{"line":7,"column":48},"end":{"line":7,"column":64}},"line":7},"3":{"name":"(anonymous_3)","decl":{"start":{"line":16,"column":2},"end":{"line":16,"column":3}},"loc":{"start":{"line":16,"column":21},"end":{"line":18,"column":3}},"line":16},"4":{"name":"(anonymous_4)","decl":{"start":{"line":17,"column":35},"end":{"line":17,"column":36}},"loc":{"start":{"line":17,"column":45},"end":{"line":17,"column":63}},"line":17},"5":{"name":"(anonymous_5)","decl":{"start":{"line":20,"column":2},"end":{"line":20,"column":3}},"loc":{"start":{"line":20,"column":35},"end":{"line":32,"column":3}},"line":20},"6":{"name":"(anonymous_6)","decl":{"start":{"line":25,"column":33},"end":{"line":25,"column":34}},"loc":{"start":{"line":25,"column":40},"end":{"line":25,"column":55}},"line":25}},"branchMap":{"0":{"loc":{"start":{"line":9,"column":4},"end":{"line":13,"column":5}},"type":"if","locations":[{"start":{"line":9,"column":4},"end":{"line":13,"column":5}},{"start":{"line":11,"column":11},"end":{"line":13,"column":5}}],"line":9},"1":{"loc":{"start":{"line":21,"column":4},"end":{"line":23,"column":5}},"type":"if","locations":[{"start":{"line":21,"column":4},"end":{"line":23,"column":5}},{"start":{},"end":{}}],"line":21},"2":{"loc":{"start":{"line":27,"column":4},"end":{"line":29,"column":5}},"type":"if","locations":[{"start":{"line":27,"column":4},"end":{"line":29,"column":5}},{"start":{},"end":{}}],"line":27}},"s":{"0":6,"1":8,"2":2,"3":8,"4":1,"5":7,"6":1,"7":2,"8":3,"9":1,"10":2,"11":2,"12":2,"13":1,"14":1,"15":1},"f":{"0":6,"1":8,"2":2,"3":1,"4":2,"5":3,"6":2},"b":{"0":[1,7],"1":[1,2],"2":[1,1]},"_coverageSchema":"1a1c01bbd47fc00a2c39e90264f33305004495a9","hash":"58d0a4629f99a658fa06386e3299044ae4432908"}
}
