TN:
SF:coverage.js
FN:3,isPositive
FN:13,calculateGrade
FNF:2
FNH:2
FNDA:2,isPositive
FNDA:8,calculateGrade
DA:4,2
DA:6,1
DA:9,1
DA:14,8
DA:15,6
DA:16,4
DA:17,2
DA:20,1
LF:8
LH:8
BRDA:4,0,0,1
BRDA:4,0,1,1
BRDA:14,1,0,2
BRDA:14,1,1,6
BRDA:15,2,0,2
BRDA:15,2,1,4
BRDA:16,3,0,2
BRDA:16,3,1,2
BRF:8
BRH:8
end_of_record
TN:
SF:DiscountCalculator/discountCalculator.js
FN:1,(anonymous_0)
FN:20,(anonymous_1)
FN:33,(anonymous_2)
FN:46,(anonymous_3)
FN:57,(anonymous_4)
FNF:5
FNH:5
FNDA:11,(anonymous_0)
FNDA:11,(anonymous_1)
FNDA:11,(anonymous_2)
FNDA:11,(anonymous_3)
FNDA:11,(anonymous_4)
DA:1,1
DA:2,11
DA:5,11
DA:10,11
DA:15,11
DA:17,11
DA:20,1
DA:22,11
DA:23,9
DA:24,2
DA:25,7
DA:26,5
DA:27,2
DA:28,2
DA:30,11
DA:33,1
DA:34,11
DA:35,4
DA:36,1
DA:37,3
DA:38,1
DA:39,2
DA:40,2
DA:43,11
DA:46,1
DA:47,11
DA:48,3
DA:49,2
DA:51,1
DA:52,1
DA:54,0
DA:57,1
DA:58,11
DA:61,1
LF:34
LH:33
BRDA:1,0,0,4
BRDA:1,1,0,8
BRDA:22,2,0,2
BRDA:22,2,1,9
BRDA:23,3,0,2
BRDA:23,3,1,7
BRDA:23,4,0,9
BRDA:23,4,1,9
BRDA:25,5,0,5
BRDA:25,5,1,2
BRDA:25,6,0,7
BRDA:25,6,1,7
BRDA:27,7,0,2
BRDA:27,7,1,0
BRDA:34,8,0,7
BRDA:34,8,1,4
BRDA:35,9,0,1
BRDA:35,9,1,3
BRDA:37,10,0,1
BRDA:37,10,1,2
BRDA:39,11,0,2
BRDA:39,11,1,0
BRDA:47,12,0,8
BRDA:47,12,1,3
BRDA:48,13,0,2
BRDA:48,13,1,1
BRDA:51,14,0,1
BRDA:51,14,1,0
BRF:28
BRH:25
end_of_record
TN:
SF:cart/cart.js
FN:2,(anonymous_0)
FN:6,(anonymous_1)
FN:7,(anonymous_2)
FN:16,(anonymous_3)
FN:17,(anonymous_4)
FN:20,(anonymous_5)
FN:25,(anonymous_6)
FNF:7
FNH:7
FNDA:6,(anonymous_0)
FNDA:8,(anonymous_1)
FNDA:2,(anonymous_2)
FNDA:1,(anonymous_3)
FNDA:2,(anonymous_4)
FNDA:3,(anonymous_5)
FNDA:2,(anonymous_6)
DA:3,6
DA:7,8
DA:9,8
DA:10,1
DA:12,7
DA:17,2
DA:21,3
DA:22,1
DA:25,2
DA:27,2
DA:28,1
DA:31,1
DA:35,1
LF:13
LH:13
BRDA:9,0,0,1
BRDA:9,0,1,7
BRDA:21,1,0,1
BRDA:21,1,1,2
BRDA:27,2,0,1
BRDA:27,2,1,1
BRF:6
BRH:6
end_of_record
